INFO - 2023-12-16 00:21:37 --> Session: Class initialized using 'CodeIgniter\Session\Handlers\FileHandler' driver.
INFO - 2023-12-16 01:34:12 --> Session: Class initialized using 'CodeIgniter\Session\Handlers\FileHandler' driver.
INFO - 2023-12-16 01:34:18 --> Session: Class initialized using 'CodeIgniter\Session\Handlers\FileHandler' driver.
INFO - 2023-12-16 01:34:19 --> Session: Class initialized using 'CodeIgniter\Session\Handlers\FileHandler' driver.
INFO - 2023-12-16 01:34:27 --> Session: Class initialized using 'CodeIgniter\Session\Handlers\FileHandler' driver.
INFO - 2023-12-16 01:34:29 --> Session: Class initialized using 'CodeIgniter\Session\Handlers\FileHandler' driver.
INFO - 2023-12-16 01:34:43 --> Session: Class initialized using 'CodeIgniter\Session\Handlers\FileHandler' driver.
INFO - 2023-12-16 01:34:43 --> Session: Class initialized using 'CodeIgniter\Session\Handlers\FileHandler' driver.
INFO - 2023-12-16 01:35:17 --> Session: Class initialized using 'CodeIgniter\Session\Handlers\FileHandler' driver.
INFO - 2023-12-16 01:35:18 --> Session: Class initialized using 'CodeIgniter\Session\Handlers\FileHandler' driver.
INFO - 2023-12-16 01:35:20 --> Session: Class initialized using 'CodeIgniter\Session\Handlers\FileHandler' driver.
INFO - 2023-12-16 01:38:59 --> Session: Class initialized using 'CodeIgniter\Session\Handlers\FileHandler' driver.
INFO - 2023-12-16 01:39:01 --> Session: Class initialized using 'CodeIgniter\Session\Handlers\FileHandler' driver.
INFO - 2023-12-16 01:39:23 --> Session: Class initialized using 'CodeIgniter\Session\Handlers\FileHandler' driver.
INFO - 2023-12-16 01:39:33 --> Session: Class initialized using 'CodeIgniter\Session\Handlers\FileHandler' driver.
INFO - 2023-12-16 01:39:34 --> Session: Class initialized using 'CodeIgniter\Session\Handlers\FileHandler' driver.
INFO - 2023-12-16 01:40:12 --> Session: Class initialized using 'CodeIgniter\Session\Handlers\FileHandler' driver.
INFO - 2023-12-16 01:42:01 --> Session: Class initialized using 'CodeIgniter\Session\Handlers\FileHandler' driver.
INFO - 2023-12-16 01:42:03 --> Session: Class initialized using 'CodeIgniter\Session\Handlers\FileHandler' driver.
INFO - 2023-12-16 01:42:18 --> Session: Class initialized using 'CodeIgniter\Session\Handlers\FileHandler' driver.
INFO - 2023-12-16 01:42:18 --> Session: Class initialized using 'CodeIgniter\Session\Handlers\FileHandler' driver.
INFO - 2023-12-16 01:42:27 --> Session: Class initialized using 'CodeIgniter\Session\Handlers\FileHandler' driver.
INFO - 2023-12-16 01:42:36 --> Session: Class initialized using 'CodeIgniter\Session\Handlers\FileHandler' driver.
INFO - 2023-12-16 01:42:37 --> Session: Class initialized using 'CodeIgniter\Session\Handlers\FileHandler' driver.
INFO - 2023-12-16 01:42:58 --> Session: Class initialized using 'CodeIgniter\Session\Handlers\FileHandler' driver.
INFO - 2023-12-16 01:43:01 --> Session: Class initialized using 'CodeIgniter\Session\Handlers\FileHandler' driver.
INFO - 2023-12-16 02:05:03 --> Session: Class initialized using 'CodeIgniter\Session\Handlers\FileHandler' driver.
INFO - 2023-12-16 02:05:05 --> Session: Class initialized using 'CodeIgniter\Session\Handlers\FileHandler' driver.
CRITICAL - 2023-12-16 02:05:05 --> Undefined variable $makanan
in APPPATH\Views\editmenu.php on line 30.
 1 APPPATH\Views\editmenu.php(30): CodeIgniter\Debug\Exceptions->errorHandler(2, 'Undefined variable $makanan', 'C:\\Users\\ASUS\\Documents\\tst\\TST-SistemRestoran\\app\\Views\\editmenu.php', 30)
 2 SYSTEMPATH\View\View.php(228): include('C:\\Users\\ASUS\\Documents\\tst\\TST-SistemRestoran\\app\\Views\\editmenu.php')
 3 SYSTEMPATH\View\View.php(231): CodeIgniter\View\View->CodeIgniter\View\{closure}()
 4 SYSTEMPATH\Common.php(1172): CodeIgniter\View\View->render('editmenu', [], true)
 5 APPPATH\Controllers\MenuListController.php(97): view('editmenu')
 6 SYSTEMPATH\CodeIgniter.php(942): App\Controllers\MenuListController->editMenu()
 7 SYSTEMPATH\CodeIgniter.php(502): CodeIgniter\CodeIgniter->runController(Object(App\Controllers\MenuListController))
 8 SYSTEMPATH\CodeIgniter.php(361): CodeIgniter\CodeIgniter->handleRequest(null, Object(Config\Cache), false)
 9 FCPATH\index.php(79): CodeIgniter\CodeIgniter->run()
10 SYSTEMPATH\Commands\Server\rewrite.php(47): require_once('C:\\Users\\ASUS\\Documents\\tst\\TST-SistemRestoran\\public\\index.php')
INFO - 2023-12-16 02:06:04 --> Session: Class initialized using 'CodeIgniter\Session\Handlers\FileHandler' driver.
CRITICAL - 2023-12-16 02:06:04 --> Undefined variable $makanan
in APPPATH\Views\editmenu.php on line 30.
 1 APPPATH\Views\editmenu.php(30): CodeIgniter\Debug\Exceptions->errorHandler(2, 'Undefined variable $makanan', 'C:\\Users\\ASUS\\Documents\\tst\\TST-SistemRestoran\\app\\Views\\editmenu.php', 30)
 2 SYSTEMPATH\View\View.php(228): include('C:\\Users\\ASUS\\Documents\\tst\\TST-SistemRestoran\\app\\Views\\editmenu.php')
 3 SYSTEMPATH\View\View.php(231): CodeIgniter\View\View->CodeIgniter\View\{closure}()
 4 SYSTEMPATH\Common.php(1172): CodeIgniter\View\View->render('editmenu', [], true)
 5 APPPATH\Controllers\MenuListController.php(97): view('editmenu')
 6 SYSTEMPATH\CodeIgniter.php(942): App\Controllers\MenuListController->editMenu()
 7 SYSTEMPATH\CodeIgniter.php(502): CodeIgniter\CodeIgniter->runController(Object(App\Controllers\MenuListController))
 8 SYSTEMPATH\CodeIgniter.php(361): CodeIgniter\CodeIgniter->handleRequest(null, Object(Config\Cache), false)
 9 FCPATH\index.php(79): CodeIgniter\CodeIgniter->run()
10 SYSTEMPATH\Commands\Server\rewrite.php(47): require_once('C:\\Users\\ASUS\\Documents\\tst\\TST-SistemRestoran\\public\\index.php')
INFO - 2023-12-16 02:06:06 --> Session: Class initialized using 'CodeIgniter\Session\Handlers\FileHandler' driver.
CRITICAL - 2023-12-16 02:06:06 --> Undefined variable $makanan
in APPPATH\Views\editmenu.php on line 30.
 1 APPPATH\Views\editmenu.php(30): CodeIgniter\Debug\Exceptions->errorHandler(2, 'Undefined variable $makanan', 'C:\\Users\\ASUS\\Documents\\tst\\TST-SistemRestoran\\app\\Views\\editmenu.php', 30)
 2 SYSTEMPATH\View\View.php(228): include('C:\\Users\\ASUS\\Documents\\tst\\TST-SistemRestoran\\app\\Views\\editmenu.php')
 3 SYSTEMPATH\View\View.php(231): CodeIgniter\View\View->CodeIgniter\View\{closure}()
 4 SYSTEMPATH\Common.php(1172): CodeIgniter\View\View->render('editmenu', [], true)
 5 APPPATH\Controllers\MenuListController.php(97): view('editmenu')
 6 SYSTEMPATH\CodeIgniter.php(942): App\Controllers\MenuListController->editMenu()
 7 SYSTEMPATH\CodeIgniter.php(502): CodeIgniter\CodeIgniter->runController(Object(App\Controllers\MenuListController))
 8 SYSTEMPATH\CodeIgniter.php(361): CodeIgniter\CodeIgniter->handleRequest(null, Object(Config\Cache), false)
 9 FCPATH\index.php(79): CodeIgniter\CodeIgniter->run()
10 SYSTEMPATH\Commands\Server\rewrite.php(47): require_once('C:\\Users\\ASUS\\Documents\\tst\\TST-SistemRestoran\\public\\index.php')
INFO - 2023-12-16 02:06:43 --> Session: Class initialized using 'CodeIgniter\Session\Handlers\FileHandler' driver.
CRITICAL - 2023-12-16 02:06:43 --> Undefined variable $makanan
in APPPATH\Views\editmenu.php on line 3.
 1 APPPATH\Views\editmenu.php(3): CodeIgniter\Debug\Exceptions->errorHandler(2, 'Undefined variable $makanan', 'C:\\Users\\ASUS\\Documents\\tst\\TST-SistemRestoran\\app\\Views\\editmenu.php', 3)
 2 SYSTEMPATH\View\View.php(228): include('C:\\Users\\ASUS\\Documents\\tst\\TST-SistemRestoran\\app\\Views\\editmenu.php')
 3 SYSTEMPATH\View\View.php(231): CodeIgniter\View\View->CodeIgniter\View\{closure}()
 4 SYSTEMPATH\Common.php(1172): CodeIgniter\View\View->render('editmenu', [], true)
 5 APPPATH\Controllers\MenuListController.php(97): view('editmenu')
 6 SYSTEMPATH\CodeIgniter.php(942): App\Controllers\MenuListController->editMenu()
 7 SYSTEMPATH\CodeIgniter.php(502): CodeIgniter\CodeIgniter->runController(Object(App\Controllers\MenuListController))
 8 SYSTEMPATH\CodeIgniter.php(361): CodeIgniter\CodeIgniter->handleRequest(null, Object(Config\Cache), false)
 9 FCPATH\index.php(79): CodeIgniter\CodeIgniter->run()
10 SYSTEMPATH\Commands\Server\rewrite.php(47): require_once('C:\\Users\\ASUS\\Documents\\tst\\TST-SistemRestoran\\public\\index.php')
INFO - 2023-12-16 02:06:45 --> Session: Class initialized using 'CodeIgniter\Session\Handlers\FileHandler' driver.
INFO - 2023-12-16 02:06:46 --> Session: Class initialized using 'CodeIgniter\Session\Handlers\FileHandler' driver.
CRITICAL - 2023-12-16 02:06:46 --> Undefined variable $makanan
in APPPATH\Views\editmenu.php on line 3.
 1 APPPATH\Views\editmenu.php(3): CodeIgniter\Debug\Exceptions->errorHandler(2, 'Undefined variable $makanan', 'C:\\Users\\ASUS\\Documents\\tst\\TST-SistemRestoran\\app\\Views\\editmenu.php', 3)
 2 SYSTEMPATH\View\View.php(228): include('C:\\Users\\ASUS\\Documents\\tst\\TST-SistemRestoran\\app\\Views\\editmenu.php')
 3 SYSTEMPATH\View\View.php(231): CodeIgniter\View\View->CodeIgniter\View\{closure}()
 4 SYSTEMPATH\Common.php(1172): CodeIgniter\View\View->render('editmenu', [], true)
 5 APPPATH\Controllers\MenuListController.php(97): view('editmenu')
 6 SYSTEMPATH\CodeIgniter.php(942): App\Controllers\MenuListController->editMenu()
 7 SYSTEMPATH\CodeIgniter.php(502): CodeIgniter\CodeIgniter->runController(Object(App\Controllers\MenuListController))
 8 SYSTEMPATH\CodeIgniter.php(361): CodeIgniter\CodeIgniter->handleRequest(null, Object(Config\Cache), false)
 9 FCPATH\index.php(79): CodeIgniter\CodeIgniter->run()
10 SYSTEMPATH\Commands\Server\rewrite.php(47): require_once('C:\\Users\\ASUS\\Documents\\tst\\TST-SistemRestoran\\public\\index.php')
INFO - 2023-12-16 02:12:50 --> Session: Class initialized using 'CodeIgniter\Session\Handlers\FileHandler' driver.
CRITICAL - 2023-12-16 02:12:50 --> Undefined variable $makanan
in APPPATH\Views\editmenu.php on line 3.
 1 APPPATH\Views\editmenu.php(3): CodeIgniter\Debug\Exceptions->errorHandler(2, 'Undefined variable $makanan', 'C:\\Users\\ASUS\\Documents\\tst\\TST-SistemRestoran\\app\\Views\\editmenu.php', 3)
 2 SYSTEMPATH\View\View.php(228): include('C:\\Users\\ASUS\\Documents\\tst\\TST-SistemRestoran\\app\\Views\\editmenu.php')
 3 SYSTEMPATH\View\View.php(231): CodeIgniter\View\View->CodeIgniter\View\{closure}()
 4 SYSTEMPATH\Common.php(1172): CodeIgniter\View\View->render('editmenu', [], true)
 5 APPPATH\Controllers\MenuListController.php(97): view('editmenu')
 6 SYSTEMPATH\CodeIgniter.php(942): App\Controllers\MenuListController->editMenu()
 7 SYSTEMPATH\CodeIgniter.php(502): CodeIgniter\CodeIgniter->runController(Object(App\Controllers\MenuListController))
 8 SYSTEMPATH\CodeIgniter.php(361): CodeIgniter\CodeIgniter->handleRequest(null, Object(Config\Cache), false)
 9 FCPATH\index.php(79): CodeIgniter\CodeIgniter->run()
10 SYSTEMPATH\Commands\Server\rewrite.php(47): require_once('C:\\Users\\ASUS\\Documents\\tst\\TST-SistemRestoran\\public\\index.php')
INFO - 2023-12-16 02:15:43 --> Session: Class initialized using 'CodeIgniter\Session\Handlers\FileHandler' driver.
CRITICAL - 2023-12-16 02:15:43 --> Unsupported operand types: array - array
in APPPATH\Views\editmenu.php on line 3.
 1 SYSTEMPATH\View\View.php(228): include()
 2 SYSTEMPATH\View\View.php(231): CodeIgniter\View\View->CodeIgniter\View\{closure}()
 3 SYSTEMPATH\Common.php(1172): CodeIgniter\View\View->render('editmenu', [], true)
 4 APPPATH\Controllers\MenuListController.php(22): view('editmenu', [...])
 5 SYSTEMPATH\CodeIgniter.php(942): App\Controllers\MenuListController->editMenu('$1')
 6 SYSTEMPATH\CodeIgniter.php(502): CodeIgniter\CodeIgniter->runController(Object(App\Controllers\MenuListController))
 7 SYSTEMPATH\CodeIgniter.php(361): CodeIgniter\CodeIgniter->handleRequest(null, Object(Config\Cache), false)
 8 FCPATH\index.php(79): CodeIgniter\CodeIgniter->run()
 9 SYSTEMPATH\Commands\Server\rewrite.php(47): require_once('C:\\Users\\ASUS\\Documents\\tst\\TST-SistemRestoran\\public\\index.php')
INFO - 2023-12-16 02:15:45 --> Session: Class initialized using 'CodeIgniter\Session\Handlers\FileHandler' driver.
INFO - 2023-12-16 02:15:47 --> Session: Class initialized using 'CodeIgniter\Session\Handlers\FileHandler' driver.
INFO - 2023-12-16 02:15:49 --> Session: Class initialized using 'CodeIgniter\Session\Handlers\FileHandler' driver.
CRITICAL - 2023-12-16 02:15:49 --> Unsupported operand types: array - array
in APPPATH\Views\editmenu.php on line 3.
 1 SYSTEMPATH\View\View.php(228): include()
 2 SYSTEMPATH\View\View.php(231): CodeIgniter\View\View->CodeIgniter\View\{closure}()
 3 SYSTEMPATH\Common.php(1172): CodeIgniter\View\View->render('editmenu', [], true)
 4 APPPATH\Controllers\MenuListController.php(22): view('editmenu', [...])
 5 SYSTEMPATH\CodeIgniter.php(942): App\Controllers\MenuListController->editMenu('$1')
 6 SYSTEMPATH\CodeIgniter.php(502): CodeIgniter\CodeIgniter->runController(Object(App\Controllers\MenuListController))
 7 SYSTEMPATH\CodeIgniter.php(361): CodeIgniter\CodeIgniter->handleRequest(null, Object(Config\Cache), false)
 8 FCPATH\index.php(79): CodeIgniter\CodeIgniter->run()
 9 SYSTEMPATH\Commands\Server\rewrite.php(47): require_once('C:\\Users\\ASUS\\Documents\\tst\\TST-SistemRestoran\\public\\index.php')
INFO - 2023-12-16 02:17:13 --> Session: Class initialized using 'CodeIgniter\Session\Handlers\FileHandler' driver.
CRITICAL - 2023-12-16 02:17:14 --> Undefined array key 0
in APPPATH\Views\editmenu.php on line 3.
 1 APPPATH\Views\editmenu.php(3): CodeIgniter\Debug\Exceptions->errorHandler(2, 'Undefined array key 0', 'C:\\Users\\ASUS\\Documents\\tst\\TST-SistemRestoran\\app\\Views\\editmenu.php', 3)
 2 SYSTEMPATH\View\View.php(228): include('C:\\Users\\ASUS\\Documents\\tst\\TST-SistemRestoran\\app\\Views\\editmenu.php')
 3 SYSTEMPATH\View\View.php(231): CodeIgniter\View\View->CodeIgniter\View\{closure}()
 4 SYSTEMPATH\Common.php(1172): CodeIgniter\View\View->render('editmenu', [], true)
 5 APPPATH\Controllers\MenuListController.php(22): view('editmenu', [...])
 6 SYSTEMPATH\CodeIgniter.php(942): App\Controllers\MenuListController->editMenu('$1')
 7 SYSTEMPATH\CodeIgniter.php(502): CodeIgniter\CodeIgniter->runController(Object(App\Controllers\MenuListController))
 8 SYSTEMPATH\CodeIgniter.php(361): CodeIgniter\CodeIgniter->handleRequest(null, Object(Config\Cache), false)
 9 FCPATH\index.php(79): CodeIgniter\CodeIgniter->run()
10 SYSTEMPATH\Commands\Server\rewrite.php(47): require_once('C:\\Users\\ASUS\\Documents\\tst\\TST-SistemRestoran\\public\\index.php')
INFO - 2023-12-16 02:18:38 --> Session: Class initialized using 'CodeIgniter\Session\Handlers\FileHandler' driver.
CRITICAL - 2023-12-16 02:18:38 --> Undefined array key 0
in APPPATH\Views\editmenu.php on line 3.
 1 APPPATH\Views\editmenu.php(3): CodeIgniter\Debug\Exceptions->errorHandler(2, 'Undefined array key 0', 'C:\\Users\\ASUS\\Documents\\tst\\TST-SistemRestoran\\app\\Views\\editmenu.php', 3)
 2 SYSTEMPATH\View\View.php(228): include('C:\\Users\\ASUS\\Documents\\tst\\TST-SistemRestoran\\app\\Views\\editmenu.php')
 3 SYSTEMPATH\View\View.php(231): CodeIgniter\View\View->CodeIgniter\View\{closure}()
 4 SYSTEMPATH\Common.php(1172): CodeIgniter\View\View->render('editmenu', [], true)
 5 APPPATH\Controllers\MenuListController.php(22): view('editmenu', [...])
 6 SYSTEMPATH\CodeIgniter.php(942): App\Controllers\MenuListController->editMenu('$1')
 7 SYSTEMPATH\CodeIgniter.php(502): CodeIgniter\CodeIgniter->runController(Object(App\Controllers\MenuListController))
 8 SYSTEMPATH\CodeIgniter.php(361): CodeIgniter\CodeIgniter->handleRequest(null, Object(Config\Cache), false)
 9 FCPATH\index.php(79): CodeIgniter\CodeIgniter->run()
10 SYSTEMPATH\Commands\Server\rewrite.php(47): require_once('C:\\Users\\ASUS\\Documents\\tst\\TST-SistemRestoran\\public\\index.php')
INFO - 2023-12-16 02:18:40 --> Session: Class initialized using 'CodeIgniter\Session\Handlers\FileHandler' driver.
INFO - 2023-12-16 02:18:44 --> Session: Class initialized using 'CodeIgniter\Session\Handlers\FileHandler' driver.
INFO - 2023-12-16 02:19:05 --> Session: Class initialized using 'CodeIgniter\Session\Handlers\FileHandler' driver.
INFO - 2023-12-16 02:19:08 --> Session: Class initialized using 'CodeIgniter\Session\Handlers\FileHandler' driver.
CRITICAL - 2023-12-16 02:19:08 --> Undefined array key "menuId"
in APPPATH\Views\editmenu.php on line 2.
 1 APPPATH\Views\editmenu.php(2): CodeIgniter\Debug\Exceptions->errorHandler(2, 'Undefined array key "menuId"', 'C:\\Users\\ASUS\\Documents\\tst\\TST-SistemRestoran\\app\\Views\\editmenu.php', 2)
 2 SYSTEMPATH\View\View.php(228): include('C:\\Users\\ASUS\\Documents\\tst\\TST-SistemRestoran\\app\\Views\\editmenu.php')
 3 SYSTEMPATH\View\View.php(231): CodeIgniter\View\View->CodeIgniter\View\{closure}()
 4 SYSTEMPATH\Common.php(1172): CodeIgniter\View\View->render('editmenu', [], true)
 5 APPPATH\Controllers\MenuListController.php(22): view('editmenu', [...])
 6 SYSTEMPATH\CodeIgniter.php(942): App\Controllers\MenuListController->editMenu('81')
 7 SYSTEMPATH\CodeIgniter.php(502): CodeIgniter\CodeIgniter->runController(Object(App\Controllers\MenuListController))
 8 SYSTEMPATH\CodeIgniter.php(361): CodeIgniter\CodeIgniter->handleRequest(null, Object(Config\Cache), false)
 9 FCPATH\index.php(79): CodeIgniter\CodeIgniter->run()
10 SYSTEMPATH\Commands\Server\rewrite.php(47): require_once('C:\\Users\\ASUS\\Documents\\tst\\TST-SistemRestoran\\public\\index.php')
INFO - 2023-12-16 02:27:35 --> Session: Class initialized using 'CodeIgniter\Session\Handlers\FileHandler' driver.
INFO - 2023-12-16 02:28:27 --> Session: Class initialized using 'CodeIgniter\Session\Handlers\FileHandler' driver.
CRITICAL - 2023-12-16 02:28:27 --> Too few arguments to function App\Controllers\MenuListController::editMenu(), 0 passed in C:\Users\ASUS\Documents\tst\TST-SistemRestoran\system\CodeIgniter.php on line 942 and exactly 1 expected
in APPPATH\Controllers\MenuListController.php on line 17.
 1 SYSTEMPATH\CodeIgniter.php(942): App\Controllers\MenuListController->editMenu()
 2 SYSTEMPATH\CodeIgniter.php(502): CodeIgniter\CodeIgniter->runController(Object(App\Controllers\MenuListController))
 3 SYSTEMPATH\CodeIgniter.php(361): CodeIgniter\CodeIgniter->handleRequest(null, Object(Config\Cache), false)
 4 FCPATH\index.php(79): CodeIgniter\CodeIgniter->run()
 5 SYSTEMPATH\Commands\Server\rewrite.php(47): require_once('C:\\Users\\ASUS\\Documents\\tst\\TST-SistemRestoran\\public\\index.php')
INFO - 2023-12-16 02:28:57 --> Session: Class initialized using 'CodeIgniter\Session\Handlers\FileHandler' driver.
CRITICAL - 2023-12-16 02:28:57 --> Undefined array key 0
in APPPATH\Views\editmenu.php on line 6.
 1 APPPATH\Views\editmenu.php(6): CodeIgniter\Debug\Exceptions->errorHandler(2, 'Undefined array key 0', 'C:\\Users\\ASUS\\Documents\\tst\\TST-SistemRestoran\\app\\Views\\editmenu.php', 6)
 2 SYSTEMPATH\View\View.php(228): include('C:\\Users\\ASUS\\Documents\\tst\\TST-SistemRestoran\\app\\Views\\editmenu.php')
 3 SYSTEMPATH\View\View.php(231): CodeIgniter\View\View->CodeIgniter\View\{closure}()
 4 SYSTEMPATH\Common.php(1172): CodeIgniter\View\View->render('editmenu', [], true)
 5 APPPATH\Controllers\MenuListController.php(22): view('editmenu', [...])
 6 SYSTEMPATH\CodeIgniter.php(942): App\Controllers\MenuListController->editMenu('$1')
 7 SYSTEMPATH\CodeIgniter.php(502): CodeIgniter\CodeIgniter->runController(Object(App\Controllers\MenuListController))
 8 SYSTEMPATH\CodeIgniter.php(361): CodeIgniter\CodeIgniter->handleRequest(null, Object(Config\Cache), false)
 9 FCPATH\index.php(79): CodeIgniter\CodeIgniter->run()
10 SYSTEMPATH\Commands\Server\rewrite.php(47): require_once('C:\\Users\\ASUS\\Documents\\tst\\TST-SistemRestoran\\public\\index.php')
INFO - 2023-12-16 02:42:01 --> Session: Class initialized using 'CodeIgniter\Session\Handlers\FileHandler' driver.
INFO - 2023-12-16 02:42:22 --> Session: Class initialized using 'CodeIgniter\Session\Handlers\FileHandler' driver.
INFO - 2023-12-16 02:42:23 --> Session: Class initialized using 'CodeIgniter\Session\Handlers\FileHandler' driver.
CRITICAL - 2023-12-16 02:42:23 --> Cannot use object of type stdClass as array
in APPPATH\Views\editmenu.php on line 3.
 1 SYSTEMPATH\View\View.php(228): include()
 2 SYSTEMPATH\View\View.php(231): CodeIgniter\View\View->CodeIgniter\View\{closure}()
 3 SYSTEMPATH\Common.php(1172): CodeIgniter\View\View->render('editmenu', [], true)
 4 APPPATH\Controllers\MenuListController.php(23): view('editmenu', [...])
 5 SYSTEMPATH\CodeIgniter.php(942): App\Controllers\MenuListController->editMenu('81')
 6 SYSTEMPATH\CodeIgniter.php(502): CodeIgniter\CodeIgniter->runController(Object(App\Controllers\MenuListController))
 7 SYSTEMPATH\CodeIgniter.php(361): CodeIgniter\CodeIgniter->handleRequest(null, Object(Config\Cache), false)
 8 FCPATH\index.php(79): CodeIgniter\CodeIgniter->run()
 9 SYSTEMPATH\Commands\Server\rewrite.php(47): require_once('C:\\Users\\ASUS\\Documents\\tst\\TST-SistemRestoran\\public\\index.php')
INFO - 2023-12-16 02:44:15 --> Session: Class initialized using 'CodeIgniter\Session\Handlers\FileHandler' driver.
INFO - 2023-12-16 02:44:17 --> Session: Class initialized using 'CodeIgniter\Session\Handlers\FileHandler' driver.
INFO - 2023-12-16 02:44:17 --> Session: Class initialized using 'CodeIgniter\Session\Handlers\FileHandler' driver.
CRITICAL - 2023-12-16 02:44:17 --> Undefined array key 0
in APPPATH\Views\editmenu.php on line 3.
 1 APPPATH\Views\editmenu.php(3): CodeIgniter\Debug\Exceptions->errorHandler(2, 'Undefined array key 0', 'C:\\Users\\ASUS\\Documents\\tst\\TST-SistemRestoran\\app\\Views\\editmenu.php', 3)
 2 SYSTEMPATH\View\View.php(228): include('C:\\Users\\ASUS\\Documents\\tst\\TST-SistemRestoran\\app\\Views\\editmenu.php')
 3 SYSTEMPATH\View\View.php(231): CodeIgniter\View\View->CodeIgniter\View\{closure}()
 4 SYSTEMPATH\Common.php(1172): CodeIgniter\View\View->render('editmenu', [], true)
 5 APPPATH\Controllers\MenuListController.php(23): view('editmenu', [...])
 6 SYSTEMPATH\CodeIgniter.php(942): App\Controllers\MenuListController->editMenu('css', 'styles.css')
 7 SYSTEMPATH\CodeIgniter.php(502): CodeIgniter\CodeIgniter->runController(Object(App\Controllers\MenuListController))
 8 SYSTEMPATH\CodeIgniter.php(361): CodeIgniter\CodeIgniter->handleRequest(null, Object(Config\Cache), false)
 9 FCPATH\index.php(79): CodeIgniter\CodeIgniter->run()
10 SYSTEMPATH\Commands\Server\rewrite.php(47): require_once('C:\\Users\\ASUS\\Documents\\tst\\TST-SistemRestoran\\public\\index.php')
INFO - 2023-12-16 02:45:05 --> Session: Class initialized using 'CodeIgniter\Session\Handlers\FileHandler' driver.
INFO - 2023-12-16 02:45:05 --> Session: Class initialized using 'CodeIgniter\Session\Handlers\FileHandler' driver.
CRITICAL - 2023-12-16 02:45:05 --> Undefined array key 0
in APPPATH\Views\editmenu.php on line 3.
 1 APPPATH\Views\editmenu.php(3): CodeIgniter\Debug\Exceptions->errorHandler(2, 'Undefined array key 0', 'C:\\Users\\ASUS\\Documents\\tst\\TST-SistemRestoran\\app\\Views\\editmenu.php', 3)
 2 SYSTEMPATH\View\View.php(228): include('C:\\Users\\ASUS\\Documents\\tst\\TST-SistemRestoran\\app\\Views\\editmenu.php')
 3 SYSTEMPATH\View\View.php(231): CodeIgniter\View\View->CodeIgniter\View\{closure}()
 4 SYSTEMPATH\Common.php(1172): CodeIgniter\View\View->render('editmenu', [], true)
 5 APPPATH\Controllers\MenuListController.php(23): view('editmenu', [...])
 6 SYSTEMPATH\CodeIgniter.php(942): App\Controllers\MenuListController->editMenu('css', 'styles.css')
 7 SYSTEMPATH\CodeIgniter.php(502): CodeIgniter\CodeIgniter->runController(Object(App\Controllers\MenuListController))
 8 SYSTEMPATH\CodeIgniter.php(361): CodeIgniter\CodeIgniter->handleRequest(null, Object(Config\Cache), false)
 9 FCPATH\index.php(79): CodeIgniter\CodeIgniter->run()
10 SYSTEMPATH\Commands\Server\rewrite.php(47): require_once('C:\\Users\\ASUS\\Documents\\tst\\TST-SistemRestoran\\public\\index.php')
INFO - 2023-12-16 02:45:07 --> Session: Class initialized using 'CodeIgniter\Session\Handlers\FileHandler' driver.
INFO - 2023-12-16 02:45:08 --> Session: Class initialized using 'CodeIgniter\Session\Handlers\FileHandler' driver.
INFO - 2023-12-16 02:45:08 --> Session: Class initialized using 'CodeIgniter\Session\Handlers\FileHandler' driver.
CRITICAL - 2023-12-16 02:45:08 --> Undefined array key 0
in APPPATH\Views\editmenu.php on line 3.
 1 APPPATH\Views\editmenu.php(3): CodeIgniter\Debug\Exceptions->errorHandler(2, 'Undefined array key 0', 'C:\\Users\\ASUS\\Documents\\tst\\TST-SistemRestoran\\app\\Views\\editmenu.php', 3)
 2 SYSTEMPATH\View\View.php(228): include('C:\\Users\\ASUS\\Documents\\tst\\TST-SistemRestoran\\app\\Views\\editmenu.php')
 3 SYSTEMPATH\View\View.php(231): CodeIgniter\View\View->CodeIgniter\View\{closure}()
 4 SYSTEMPATH\Common.php(1172): CodeIgniter\View\View->render('editmenu', [], true)
 5 APPPATH\Controllers\MenuListController.php(23): view('editmenu', [...])
 6 SYSTEMPATH\CodeIgniter.php(942): App\Controllers\MenuListController->editMenu('css', 'styles.css')
 7 SYSTEMPATH\CodeIgniter.php(502): CodeIgniter\CodeIgniter->runController(Object(App\Controllers\MenuListController))
 8 SYSTEMPATH\CodeIgniter.php(361): CodeIgniter\CodeIgniter->handleRequest(null, Object(Config\Cache), false)
 9 FCPATH\index.php(79): CodeIgniter\CodeIgniter->run()
10 SYSTEMPATH\Commands\Server\rewrite.php(47): require_once('C:\\Users\\ASUS\\Documents\\tst\\TST-SistemRestoran\\public\\index.php')
INFO - 2023-12-16 02:46:13 --> Session: Class initialized using 'CodeIgniter\Session\Handlers\FileHandler' driver.
INFO - 2023-12-16 02:46:13 --> Session: Class initialized using 'CodeIgniter\Session\Handlers\FileHandler' driver.
CRITICAL - 2023-12-16 02:46:13 --> Undefined array key 0
in APPPATH\Views\editmenu.php on line 3.
 1 APPPATH\Views\editmenu.php(3): CodeIgniter\Debug\Exceptions->errorHandler(2, 'Undefined array key 0', 'C:\\Users\\ASUS\\Documents\\tst\\TST-SistemRestoran\\app\\Views\\editmenu.php', 3)
 2 SYSTEMPATH\View\View.php(228): include('C:\\Users\\ASUS\\Documents\\tst\\TST-SistemRestoran\\app\\Views\\editmenu.php')
 3 SYSTEMPATH\View\View.php(231): CodeIgniter\View\View->CodeIgniter\View\{closure}()
 4 SYSTEMPATH\Common.php(1172): CodeIgniter\View\View->render('editmenu', [], true)
 5 APPPATH\Controllers\MenuListController.php(23): view('editmenu', [...])
 6 SYSTEMPATH\CodeIgniter.php(942): App\Controllers\MenuListController->editMenu('css', 'styles.css')
 7 SYSTEMPATH\CodeIgniter.php(502): CodeIgniter\CodeIgniter->runController(Object(App\Controllers\MenuListController))
 8 SYSTEMPATH\CodeIgniter.php(361): CodeIgniter\CodeIgniter->handleRequest(null, Object(Config\Cache), false)
 9 FCPATH\index.php(79): CodeIgniter\CodeIgniter->run()
10 SYSTEMPATH\Commands\Server\rewrite.php(47): require_once('C:\\Users\\ASUS\\Documents\\tst\\TST-SistemRestoran\\public\\index.php')
INFO - 2023-12-16 02:46:16 --> Session: Class initialized using 'CodeIgniter\Session\Handlers\FileHandler' driver.
INFO - 2023-12-16 02:46:16 --> Session: Class initialized using 'CodeIgniter\Session\Handlers\FileHandler' driver.
CRITICAL - 2023-12-16 02:46:16 --> Undefined array key 0
in APPPATH\Views\editmenu.php on line 3.
 1 APPPATH\Views\editmenu.php(3): CodeIgniter\Debug\Exceptions->errorHandler(2, 'Undefined array key 0', 'C:\\Users\\ASUS\\Documents\\tst\\TST-SistemRestoran\\app\\Views\\editmenu.php', 3)
 2 SYSTEMPATH\View\View.php(228): include('C:\\Users\\ASUS\\Documents\\tst\\TST-SistemRestoran\\app\\Views\\editmenu.php')
 3 SYSTEMPATH\View\View.php(231): CodeIgniter\View\View->CodeIgniter\View\{closure}()
 4 SYSTEMPATH\Common.php(1172): CodeIgniter\View\View->render('editmenu', [], true)
 5 APPPATH\Controllers\MenuListController.php(23): view('editmenu', [...])
 6 SYSTEMPATH\CodeIgniter.php(942): App\Controllers\MenuListController->editMenu('css', 'styles.css')
 7 SYSTEMPATH\CodeIgniter.php(502): CodeIgniter\CodeIgniter->runController(Object(App\Controllers\MenuListController))
 8 SYSTEMPATH\CodeIgniter.php(361): CodeIgniter\CodeIgniter->handleRequest(null, Object(Config\Cache), false)
 9 FCPATH\index.php(79): CodeIgniter\CodeIgniter->run()
10 SYSTEMPATH\Commands\Server\rewrite.php(47): require_once('C:\\Users\\ASUS\\Documents\\tst\\TST-SistemRestoran\\public\\index.php')
INFO - 2023-12-16 02:46:17 --> Session: Class initialized using 'CodeIgniter\Session\Handlers\FileHandler' driver.
INFO - 2023-12-16 02:47:46 --> Session: Class initialized using 'CodeIgniter\Session\Handlers\FileHandler' driver.
INFO - 2023-12-16 02:47:46 --> Session: Class initialized using 'CodeIgniter\Session\Handlers\FileHandler' driver.
CRITICAL - 2023-12-16 02:47:46 --> Undefined array key 0
in APPPATH\Views\editmenu.php on line 3.
 1 APPPATH\Views\editmenu.php(3): CodeIgniter\Debug\Exceptions->errorHandler(2, 'Undefined array key 0', 'C:\\Users\\ASUS\\Documents\\tst\\TST-SistemRestoran\\app\\Views\\editmenu.php', 3)
 2 SYSTEMPATH\View\View.php(228): include('C:\\Users\\ASUS\\Documents\\tst\\TST-SistemRestoran\\app\\Views\\editmenu.php')
 3 SYSTEMPATH\View\View.php(231): CodeIgniter\View\View->CodeIgniter\View\{closure}()
 4 SYSTEMPATH\Common.php(1172): CodeIgniter\View\View->render('editmenu', [], true)
 5 APPPATH\Controllers\MenuListController.php(23): view('editmenu', [...])
 6 SYSTEMPATH\CodeIgniter.php(942): App\Controllers\MenuListController->editMenu('css', 'styles.css')
 7 SYSTEMPATH\CodeIgniter.php(502): CodeIgniter\CodeIgniter->runController(Object(App\Controllers\MenuListController))
 8 SYSTEMPATH\CodeIgniter.php(361): CodeIgniter\CodeIgniter->handleRequest(null, Object(Config\Cache), false)
 9 FCPATH\index.php(79): CodeIgniter\CodeIgniter->run()
10 SYSTEMPATH\Commands\Server\rewrite.php(47): require_once('C:\\Users\\ASUS\\Documents\\tst\\TST-SistemRestoran\\public\\index.php')
INFO - 2023-12-16 02:47:49 --> Session: Class initialized using 'CodeIgniter\Session\Handlers\FileHandler' driver.
INFO - 2023-12-16 02:50:45 --> Session: Class initialized using 'CodeIgniter\Session\Handlers\FileHandler' driver.
INFO - 2023-12-16 02:50:46 --> Session: Class initialized using 'CodeIgniter\Session\Handlers\FileHandler' driver.
CRITICAL - 2023-12-16 02:50:46 --> Undefined array key 0
in APPPATH\Views\editmenu.php on line 3.
 1 APPPATH\Views\editmenu.php(3): CodeIgniter\Debug\Exceptions->errorHandler(2, 'Undefined array key 0', 'C:\\Users\\ASUS\\Documents\\tst\\TST-SistemRestoran\\app\\Views\\editmenu.php', 3)
 2 SYSTEMPATH\View\View.php(228): include('C:\\Users\\ASUS\\Documents\\tst\\TST-SistemRestoran\\app\\Views\\editmenu.php')
 3 SYSTEMPATH\View\View.php(231): CodeIgniter\View\View->CodeIgniter\View\{closure}()
 4 SYSTEMPATH\Common.php(1172): CodeIgniter\View\View->render('editmenu', [], true)
 5 APPPATH\Controllers\MenuListController.php(23): view('editmenu', [...])
 6 SYSTEMPATH\CodeIgniter.php(942): App\Controllers\MenuListController->editMenu('css', 'styles.css')
 7 SYSTEMPATH\CodeIgniter.php(502): CodeIgniter\CodeIgniter->runController(Object(App\Controllers\MenuListController))
 8 SYSTEMPATH\CodeIgniter.php(361): CodeIgniter\CodeIgniter->handleRequest(null, Object(Config\Cache), false)
 9 FCPATH\index.php(79): CodeIgniter\CodeIgniter->run()
10 SYSTEMPATH\Commands\Server\rewrite.php(47): require_once('C:\\Users\\ASUS\\Documents\\tst\\TST-SistemRestoran\\public\\index.php')
INFO - 2023-12-16 02:50:51 --> Session: Class initialized using 'CodeIgniter\Session\Handlers\FileHandler' driver.
INFO - 2023-12-16 02:51:35 --> Session: Class initialized using 'CodeIgniter\Session\Handlers\FileHandler' driver.
INFO - 2023-12-16 02:51:36 --> Session: Class initialized using 'CodeIgniter\Session\Handlers\FileHandler' driver.
INFO - 2023-12-16 02:51:37 --> Session: Class initialized using 'CodeIgniter\Session\Handlers\FileHandler' driver.
CRITICAL - 2023-12-16 02:51:37 --> Undefined array key 0
in APPPATH\Views\editmenu.php on line 3.
 1 APPPATH\Views\editmenu.php(3): CodeIgniter\Debug\Exceptions->errorHandler(2, 'Undefined array key 0', 'C:\\Users\\ASUS\\Documents\\tst\\TST-SistemRestoran\\app\\Views\\editmenu.php', 3)
 2 SYSTEMPATH\View\View.php(228): include('C:\\Users\\ASUS\\Documents\\tst\\TST-SistemRestoran\\app\\Views\\editmenu.php')
 3 SYSTEMPATH\View\View.php(231): CodeIgniter\View\View->CodeIgniter\View\{closure}()
 4 SYSTEMPATH\Common.php(1172): CodeIgniter\View\View->render('editmenu', [], true)
 5 APPPATH\Controllers\MenuListController.php(23): view('editmenu', [...])
 6 SYSTEMPATH\CodeIgniter.php(942): App\Controllers\MenuListController->editMenu('css', 'styles.css')
 7 SYSTEMPATH\CodeIgniter.php(502): CodeIgniter\CodeIgniter->runController(Object(App\Controllers\MenuListController))
 8 SYSTEMPATH\CodeIgniter.php(361): CodeIgniter\CodeIgniter->handleRequest(null, Object(Config\Cache), false)
 9 FCPATH\index.php(79): CodeIgniter\CodeIgniter->run()
10 SYSTEMPATH\Commands\Server\rewrite.php(47): require_once('C:\\Users\\ASUS\\Documents\\tst\\TST-SistemRestoran\\public\\index.php')
INFO - 2023-12-16 02:55:12 --> Session: Class initialized using 'CodeIgniter\Session\Handlers\FileHandler' driver.
INFO - 2023-12-16 02:55:14 --> Session: Class initialized using 'CodeIgniter\Session\Handlers\FileHandler' driver.
INFO - 2023-12-16 02:55:17 --> Session: Class initialized using 'CodeIgniter\Session\Handlers\FileHandler' driver.
INFO - 2023-12-16 02:55:21 --> Session: Class initialized using 'CodeIgniter\Session\Handlers\FileHandler' driver.
INFO - 2023-12-16 02:55:25 --> Session: Class initialized using 'CodeIgniter\Session\Handlers\FileHandler' driver.
INFO - 2023-12-16 02:57:39 --> Session: Class initialized using 'CodeIgniter\Session\Handlers\FileHandler' driver.
INFO - 2023-12-16 02:57:55 --> Session: Class initialized using 'CodeIgniter\Session\Handlers\FileHandler' driver.
INFO - 2023-12-16 02:58:00 --> Session: Class initialized using 'CodeIgniter\Session\Handlers\FileHandler' driver.
INFO - 2023-12-16 02:58:00 --> Session: Class initialized using 'CodeIgniter\Session\Handlers\FileHandler' driver.
INFO - 2023-12-16 02:58:13 --> Session: Class initialized using 'CodeIgniter\Session\Handlers\FileHandler' driver.
INFO - 2023-12-16 02:58:32 --> Session: Class initialized using 'CodeIgniter\Session\Handlers\FileHandler' driver.
INFO - 2023-12-16 02:58:32 --> Session: Class initialized using 'CodeIgniter\Session\Handlers\FileHandler' driver.
INFO - 2023-12-16 02:59:46 --> Session: Class initialized using 'CodeIgniter\Session\Handlers\FileHandler' driver.
INFO - 2023-12-16 03:00:09 --> Session: Class initialized using 'CodeIgniter\Session\Handlers\FileHandler' driver.
INFO - 2023-12-16 03:01:29 --> Session: Class initialized using 'CodeIgniter\Session\Handlers\FileHandler' driver.
INFO - 2023-12-16 03:01:49 --> Session: Class initialized using 'CodeIgniter\Session\Handlers\FileHandler' driver.
INFO - 2023-12-16 03:01:49 --> Session: Class initialized using 'CodeIgniter\Session\Handlers\FileHandler' driver.
INFO - 2023-12-16 03:05:19 --> Session: Class initialized using 'CodeIgniter\Session\Handlers\FileHandler' driver.
INFO - 2023-12-16 03:12:45 --> Session: Class initialized using 'CodeIgniter\Session\Handlers\FileHandler' driver.
INFO - 2023-12-16 03:12:47 --> Session: Class initialized using 'CodeIgniter\Session\Handlers\FileHandler' driver.
INFO - 2023-12-16 03:12:53 --> Session: Class initialized using 'CodeIgniter\Session\Handlers\FileHandler' driver.
INFO - 2023-12-16 03:12:54 --> Session: Class initialized using 'CodeIgniter\Session\Handlers\FileHandler' driver.
INFO - 2023-12-16 03:16:47 --> Session: Class initialized using 'CodeIgniter\Session\Handlers\FileHandler' driver.
INFO - 2023-12-16 03:16:49 --> Session: Class initialized using 'CodeIgniter\Session\Handlers\FileHandler' driver.
INFO - 2023-12-16 03:17:24 --> Session: Class initialized using 'CodeIgniter\Session\Handlers\FileHandler' driver.
INFO - 2023-12-16 03:17:24 --> Session: Class initialized using 'CodeIgniter\Session\Handlers\FileHandler' driver.
INFO - 2023-12-16 03:17:27 --> Session: Class initialized using 'CodeIgniter\Session\Handlers\FileHandler' driver.
INFO - 2023-12-16 03:18:14 --> Session: Class initialized using 'CodeIgniter\Session\Handlers\FileHandler' driver.
INFO - 2023-12-16 03:18:15 --> Session: Class initialized using 'CodeIgniter\Session\Handlers\FileHandler' driver.
INFO - 2023-12-16 03:26:35 --> Session: Class initialized using 'CodeIgniter\Session\Handlers\FileHandler' driver.
INFO - 2023-12-16 03:26:37 --> Session: Class initialized using 'CodeIgniter\Session\Handlers\FileHandler' driver.
INFO - 2023-12-16 03:26:43 --> Session: Class initialized using 'CodeIgniter\Session\Handlers\FileHandler' driver.
INFO - 2023-12-16 03:26:43 --> Session: Class initialized using 'CodeIgniter\Session\Handlers\FileHandler' driver.
INFO - 2023-12-16 03:27:10 --> Session: Class initialized using 'CodeIgniter\Session\Handlers\FileHandler' driver.
INFO - 2023-12-16 03:27:11 --> Session: Class initialized using 'CodeIgniter\Session\Handlers\FileHandler' driver.
INFO - 2023-12-16 03:27:16 --> Session: Class initialized using 'CodeIgniter\Session\Handlers\FileHandler' driver.
INFO - 2023-12-16 03:27:16 --> Session: Class initialized using 'CodeIgniter\Session\Handlers\FileHandler' driver.
INFO - 2023-12-16 03:27:17 --> Session: Class initialized using 'CodeIgniter\Session\Handlers\FileHandler' driver.
INFO - 2023-12-16 03:27:21 --> Session: Class initialized using 'CodeIgniter\Session\Handlers\FileHandler' driver.
INFO - 2023-12-16 03:27:22 --> Session: Class initialized using 'CodeIgniter\Session\Handlers\FileHandler' driver.
INFO - 2023-12-16 03:27:24 --> Session: Class initialized using 'CodeIgniter\Session\Handlers\FileHandler' driver.
INFO - 2023-12-16 03:28:33 --> Session: Class initialized using 'CodeIgniter\Session\Handlers\FileHandler' driver.
INFO - 2023-12-16 03:28:33 --> Session: Class initialized using 'CodeIgniter\Session\Handlers\FileHandler' driver.
INFO - 2023-12-16 03:28:34 --> Session: Class initialized using 'CodeIgniter\Session\Handlers\FileHandler' driver.
INFO - 2023-12-16 03:28:42 --> Session: Class initialized using 'CodeIgniter\Session\Handlers\FileHandler' driver.
INFO - 2023-12-16 03:28:44 --> Session: Class initialized using 'CodeIgniter\Session\Handlers\FileHandler' driver.
INFO - 2023-12-16 03:28:49 --> Session: Class initialized using 'CodeIgniter\Session\Handlers\FileHandler' driver.
INFO - 2023-12-16 03:28:49 --> Session: Class initialized using 'CodeIgniter\Session\Handlers\FileHandler' driver.
INFO - 2023-12-16 03:28:51 --> Session: Class initialized using 'CodeIgniter\Session\Handlers\FileHandler' driver.
INFO - 2023-12-16 03:28:52 --> Session: Class initialized using 'CodeIgniter\Session\Handlers\FileHandler' driver.
INFO - 2023-12-16 03:29:00 --> Session: Class initialized using 'CodeIgniter\Session\Handlers\FileHandler' driver.
INFO - 2023-12-16 03:29:00 --> Session: Class initialized using 'CodeIgniter\Session\Handlers\FileHandler' driver.
INFO - 2023-12-16 03:46:09 --> Session: Class initialized using 'CodeIgniter\Session\Handlers\FileHandler' driver.
INFO - 2023-12-16 03:46:13 --> Session: Class initialized using 'CodeIgniter\Session\Handlers\FileHandler' driver.
INFO - 2023-12-16 03:46:21 --> Session: Class initialized using 'CodeIgniter\Session\Handlers\FileHandler' driver.
INFO - 2023-12-16 03:46:21 --> Session: Class initialized using 'CodeIgniter\Session\Handlers\FileHandler' driver.
INFO - 2023-12-16 03:49:52 --> Session: Class initialized using 'CodeIgniter\Session\Handlers\FileHandler' driver.
INFO - 2023-12-16 03:49:53 --> Session: Class initialized using 'CodeIgniter\Session\Handlers\FileHandler' driver.
INFO - 2023-12-16 03:50:04 --> Session: Class initialized using 'CodeIgniter\Session\Handlers\FileHandler' driver.
INFO - 2023-12-16 03:50:04 --> Session: Class initialized using 'CodeIgniter\Session\Handlers\FileHandler' driver.
INFO - 2023-12-16 03:53:34 --> Session: Class initialized using 'CodeIgniter\Session\Handlers\FileHandler' driver.
INFO - 2023-12-16 03:53:35 --> Session: Class initialized using 'CodeIgniter\Session\Handlers\FileHandler' driver.
INFO - 2023-12-16 03:53:40 --> Session: Class initialized using 'CodeIgniter\Session\Handlers\FileHandler' driver.
INFO - 2023-12-16 03:53:41 --> Session: Class initialized using 'CodeIgniter\Session\Handlers\FileHandler' driver.
INFO - 2023-12-16 03:54:08 --> Session: Class initialized using 'CodeIgniter\Session\Handlers\FileHandler' driver.
INFO - 2023-12-16 03:59:02 --> Session: Class initialized using 'CodeIgniter\Session\Handlers\FileHandler' driver.
INFO - 2023-12-16 03:59:03 --> Session: Class initialized using 'CodeIgniter\Session\Handlers\FileHandler' driver.
INFO - 2023-12-16 03:59:04 --> Session: Class initialized using 'CodeIgniter\Session\Handlers\FileHandler' driver.
INFO - 2023-12-16 03:59:11 --> Session: Class initialized using 'CodeIgniter\Session\Handlers\FileHandler' driver.
INFO - 2023-12-16 03:59:11 --> Session: Class initialized using 'CodeIgniter\Session\Handlers\FileHandler' driver.
INFO - 2023-12-16 03:59:12 --> Session: Class initialized using 'CodeIgniter\Session\Handlers\FileHandler' driver.
INFO - 2023-12-16 03:59:18 --> Session: Class initialized using 'CodeIgniter\Session\Handlers\FileHandler' driver.
INFO - 2023-12-16 03:59:19 --> Session: Class initialized using 'CodeIgniter\Session\Handlers\FileHandler' driver.
INFO - 2023-12-16 04:06:10 --> Session: Class initialized using 'CodeIgniter\Session\Handlers\FileHandler' driver.
INFO - 2023-12-16 04:06:12 --> Session: Class initialized using 'CodeIgniter\Session\Handlers\FileHandler' driver.
INFO - 2023-12-16 04:06:23 --> Session: Class initialized using 'CodeIgniter\Session\Handlers\FileHandler' driver.
INFO - 2023-12-16 04:06:23 --> Session: Class initialized using 'CodeIgniter\Session\Handlers\FileHandler' driver.
INFO - 2023-12-16 04:06:29 --> Session: Class initialized using 'CodeIgniter\Session\Handlers\FileHandler' driver.
INFO - 2023-12-16 04:06:29 --> Session: Class initialized using 'CodeIgniter\Session\Handlers\FileHandler' driver.
